********************2023-12-01   1.0.0.2********************
SHA-1: 0a8784e687b1d9b13d6d7b63822f0b6ec30ef300
说明：
1. 版本更新内容(来自冯海)：1、机械臂server降为1.15版本；2、添加了阻抗磨锉功能；
   注：该版本无软件界面及功能更新


********************2023-11-03   1.0.0.1********************
SHA-1: bb02dc7415bfdd80461a67490267da28f8e2d646
说明：
1. 版本更新内容：集成了机械臂相关功能；产品需求部分已更新，详见附件；
解决bug: 1535 1536 1538~1553 1556 1562 1564 1565 1566 1568 1570 1571 1572 1575 1577~1587 1590 1591 1593 1595 1597 1606 1607 1613
2.  由于当前测试工具包未知，测试使用工具之前请务必联系软件工程师进行相关的工具参数配置

机械臂注意事项(来自冯海)：
1、目前为初始版本，使用时注意安全，如果测试，建议一人操作，一人在机械臂示教器的急停范围。
2、磨锉环节目前不完善，不建议测试。
3、测试机械臂前把测试用例同步给我，减少风险。


********************2023-09-05   1.0.0.0********************
Git:http://120.26.61.185:7080/ms-003/thaprogram
develop分支
SHA-1: 9cdd6c345443cecf210847dfc3d317859c58e44b
首次测试版本发布。
说明：
1.  附件为当前软件界面跳转条件，根据王婧梳理的进入条件文档结合数据流专题会讨论整合而成，如有异议可再召会商议细节。因杭州当前没有KUKA机械臂，为了保证测试可以顺利进行，机械臂相关条件该版本均未约束，特此声明。
2.  导入模型要求:  STL格式，单层，表面无破洞，与CT一致，大小：骨盆20M~50M  股骨10M~30M
3.  工具包数据相关需根据使用工具进行配置，可联系003软件同事协助。